# JRE version: OpenJDK Runtime Environment (8.0_202-b03) (build 1.8.0_202-release-1483-b03)
# Java VM: OpenJDK 64-Bit Server VM (25.202-b03 mixed mode windows-amd64 compressed oops)
Heap:
 PSYoungGen      total 269312K, used 184819K [0x00000000e0000000, 0x00000000f2d80000, 0x0000000100000000)
  eden space 240128K, 72% used [0x00000000e0000000,0x00000000eaa82868,0x00000000eea80000)
  from space 29184K, 35% used [0x00000000eea80000,0x00000000ef47a420,0x00000000f0700000)
  to   space 28160K, 0% used [0x00000000f1200000,0x00000000f1200000,0x00000000f2d80000)
 ParOldGen       total 108544K, used 58153K [0x00000000a0000000, 0x00000000a6a00000, 0x00000000e0000000)
  object space 108544K, 53% used [0x00000000a0000000,0x00000000a38ca460,0x00000000a6a00000)
 Metaspace       used 98352K, capacity 105360K, committed 105472K, reserved 1140736K
  class space    used 12637K, capacity 13804K, committed 13824K, reserved 1048576K
GC Heap History (10 events):
Event: 18074.372 GC heap before
{Heap before GC invocations=35 (full 4):
 PSYoungGen      total 233984K, used 223770K [0x00000000e0000000, 0x00000000f0480000, 0x0000000100000000)
  eden space 207360K, 100% used [0x00000000e0000000,0x00000000eca80000,0x00000000eca80000)
  from space 26624K, 61% used [0x00000000eea80000,0x00000000efa86b78,0x00000000f0480000)
  to   space 29696K, 0% used [0x00000000eca80000,0x00000000eca80000,0x00000000ee780000)
 ParOldGen       total 108544K, used 58129K [0x00000000a0000000, 0x00000000a6a00000, 0x00000000e0000000)
  object space 108544K, 53% used [0x00000000a0000000,0x00000000a38c4460,0x00000000a6a00000)
 Metaspace       used 95108K, capacity 100162K, committed 100480K, reserved 1136640K
  class space    used 12189K, capacity 13079K, committed 13184K, reserved 1048576K
Event: 18075.196 GC heap after
Heap after GC invocations=35 (full 4):
 PSYoungGen      total 237056K, used 14103K [0x00000000e0000000, 0x00000000f1780000, 0x0000000100000000)
  eden space 207360K, 0% used [0x00000000e0000000,0x00000000e0000000,0x00000000eca80000)
  from space 29696K, 47% used [0x00000000eca80000,0x00000000ed845db8,0x00000000ee780000)
  to   space 28160K, 0% used [0x00000000efc00000,0x00000000efc00000,0x00000000f1780000)
 ParOldGen       total 108544K, used 58137K [0x00000000a0000000, 0x00000000a6a00000, 0x00000000e0000000)
  object space 108544K, 53% used [0x00000000a0000000,0x00000000a38c6460,0x00000000a6a00000)
 Metaspace       used 95108K, capacity 100162K, committed 100480K, reserved 1136640K
  class space    used 12189K, capacity 13079K, committed 13184K, reserved 1048576K
}
Event: 18596.397 GC heap before
{Heap before GC invocations=36 (full 4):
 PSYoungGen      total 237056K, used 221463K [0x00000000e0000000, 0x00000000f1780000, 0x0000000100000000)
  eden space 207360K, 100% used [0x00000000e0000000,0x00000000eca80000,0x00000000eca80000)
  from space 29696K, 47% used [0x00000000eca80000,0x00000000ed845db8,0x00000000ee780000)
  to   space 28160K, 0% used [0x00000000efc00000,0x00000000efc00000,0x00000000f1780000)
 ParOldGen       total 108544K, used 58137K [0x00000000a0000000, 0x00000000a6a00000, 0x00000000e0000000)
  object space 108544K, 53% used [0x00000000a0000000,0x00000000a38c6460,0x00000000a6a00000)
 Metaspace       used 95313K, capacity 100480K, committed 100736K, reserved 1136640K
  class space    used 12194K, capacity 13086K, committed 13184K, reserved 1048576K
Event: 18596.598 GC heap after
Heap after GC invocations=36 (full 4):
 PSYoungGen      total 254464K, used 23750K [0x00000000e0000000, 0x00000000f1900000, 0x0000000100000000)
  eden space 226304K, 0% used [0x00000000e0000000,0x00000000e0000000,0x00000000edd00000)
  from space 28160K, 84% used [0x00000000efc00000,0x00000000f1331b08,0x00000000f1780000)
  to   space 30720K, 0% used [0x00000000edd00000,0x00000000edd00000,0x00000000efb00000)
 ParOldGen       total 108544K, used 58145K [0x00000000a0000000, 0x00000000a6a00000, 0x00000000e0000000)
  object space 108544K, 53% used [0x00000000a0000000,0x00000000a38c8460,0x00000000a6a00000)
 Metaspace       used 95313K, capacity 100480K, committed 100736K, reserved 1136640K
  class space    used 12194K, capacity 13086K, committed 13184K, reserved 1048576K
}
Event: 19745.618 GC heap before
{Heap before GC invocations=37 (full 4):
 PSYoungGen      total 254464K, used 250054K [0x00000000e0000000, 0x00000000f1900000, 0x0000000100000000)
  eden space 226304K, 100% used [0x00000000e0000000,0x00000000edd00000,0x00000000edd00000)
  from space 28160K, 84% used [0x00000000efc00000,0x00000000f1331b08,0x00000000f1780000)
  to   space 30720K, 0% used [0x00000000edd00000,0x00000000edd00000,0x00000000efb00000)
 ParOldGen       total 108544K, used 58145K [0x00000000a0000000, 0x00000000a6a00000, 0x00000000e0000000)
  object space 108544K, 53% used [0x00000000a0000000,0x00000000a38c8460,0x00000000a6a00000)
 Metaspace       used 96180K, capacity 101616K, committed 101888K, reserved 1138688K
  class space    used 12316K, capacity 13263K, committed 13312K, reserved 1048576K
Event: 19749.586 GC heap after
Heap after GC invocations=37 (full 4):
 PSYoungGen      total 257024K, used 10503K [0x00000000e0000000, 0x00000000f2600000, 0x0000000100000000)
  eden space 226304K, 0% used [0x00000000e0000000,0x00000000e0000000,0x00000000edd00000)
  from space 30720K, 34% used [0x00000000edd00000,0x00000000ee741de0,0x00000000efb00000)
  to   space 29696K, 0% used [0x00000000f0900000,0x00000000f0900000,0x00000000f2600000)
 ParOldGen       total 108544K, used 58145K [0x00000000a0000000, 0x00000000a6a00000, 0x00000000e0000000)
  object space 108544K, 53% used [0x00000000a0000000,0x00000000a38c8460,0x00000000a6a00000)
 Metaspace       used 96180K, capacity 101616K, committed 101888K, reserved 1138688K
  class space    used 12316K, capacity 13263K, committed 13312K, reserved 1048576K
}
Event: 20354.644 GC heap before
{Heap before GC invocations=38 (full 4):
 PSYoungGen      total 257024K, used 236807K [0x00000000e0000000, 0x00000000f2600000, 0x0000000100000000)
  eden space 226304K, 100% used [0x00000000e0000000,0x00000000edd00000,0x00000000edd00000)
  from space 30720K, 34% used [0x00000000edd00000,0x00000000ee741de0,0x00000000efb00000)
  to   space 29696K, 0% used [0x00000000f0900000,0x00000000f0900000,0x00000000f2600000)
 ParOldGen       total 108544K, used 58145K [0x00000000a0000000, 0x00000000a6a00000, 0x00000000e0000000)
  object space 108544K, 53% used [0x00000000a0000000,0x00000000a38c8460,0x00000000a6a00000)
 Metaspace       used 96482K, capacity 101954K, committed 102272K, reserved 1138688K
  class space    used 12349K, capacity 13314K, committed 13440K, reserved 1048576K
Event: 20356.843 GC heap after
Heap after GC invocations=38 (full 4):
 PSYoungGen      total 267264K, used 11089K [0x00000000e0000000, 0x00000000f2380000, 0x0000000100000000)
  eden space 240128K, 0% used [0x00000000e0000000,0x00000000e0000000,0x00000000eea80000)
  from space 27136K, 40% used [0x00000000f0900000,0x00000000f13d4558,0x00000000f2380000)
  to   space 29184K, 0% used [0x00000000eea80000,0x00000000eea80000,0x00000000f0700000)
 ParOldGen       total 108544K, used 58145K [0x00000000a0000000, 0x00000000a6a00000, 0x00000000e0000000)
  object space 108544K, 53% used [0x00000000a0000000,0x00000000a38c8460,0x00000000a6a00000)
 Metaspace       used 96482K, capacity 101954K, committed 102272K, reserved 1138688K
  class space    used 12349K, capacity 13314K, committed 13440K, reserved 1048576K
}
Event: 20792.527 GC heap before
{Heap before GC invocations=39 (full 4):
 PSYoungGen      total 267264K, used 251217K [0x00000000e0000000, 0x00000000f2380000, 0x0000000100000000)
  eden space 240128K, 100% used [0x00000000e0000000,0x00000000eea80000,0x00000000eea80000)
  from space 27136K, 40% used [0x00000000f0900000,0x00000000f13d4558,0x00000000f2380000)
  to   space 29184K, 0% used [0x00000000eea80000,0x00000000eea80000,0x00000000f0700000)
 ParOldGen       total 108544K, used 58145K [0x00000000a0000000, 0x00000000a6a00000, 0x00000000e0000000)
  object space 108544K, 53% used [0x00000000a0000000,0x00000000a38c8460,0x00000000a6a00000)
 Metaspace       used 98159K, capacity 105068K, committed 105216K, reserved 1140736K
  class space    used 12616K, capacity 13766K, committed 13824K, reserved 1048576K
Event: 20793.120 GC heap after
Heap after GC invocations=39 (full 4):
 PSYoungGen      total 269312K, used 10217K [0x00000000e0000000, 0x00000000f2d80000, 0x0000000100000000)
  eden space 240128K, 0% used [0x00000000e0000000,0x00000000e0000000,0x00000000eea80000)
  from space 29184K, 35% used [0x00000000eea80000,0x00000000ef47a420,0x00000000f0700000)
  to   space 28160K, 0% used [0x00000000f1200000,0x00000000f1200000,0x00000000f2d80000)
 ParOldGen       total 108544K, used 58153K [0x00000000a0000000, 0x00000000a6a00000, 0x00000000e0000000)
  object space 108544K, 53% used [0x00000000a0000000,0x00000000a38ca460,0x00000000a6a00000)
 Metaspace       used 98159K, capacity 105068K, committed 105216K, reserved 1140736K
  class space    used 12616K, capacity 13766K, committed 13824K, reserved 1048576K
}

