# JRE version: OpenJDK Runtime Environment (8.0_202-b03) (build 1.8.0_202-release-1483-b03)
# Java VM: OpenJDK 64-Bit Server VM (25.202-b03 mixed mode windows-amd64 compressed oops)
Heap:
 PSYoungGen      total 71168K, used 15292K [0x00000000e0000000, 0x00000000e5980000, 0x0000000100000000)
  eden space 65536K, 15% used [0x00000000e0000000,0x00000000e09f6898,0x00000000e4000000)
  from space 5632K, 90% used [0x00000000e4000000,0x00000000e44f8958,0x00000000e4580000)
  to   space 6144K, 0% used [0x00000000e5380000,0x00000000e5380000,0x00000000e5980000)
 ParOldGen       total 23040K, used 12819K [0x00000000a0000000, 0x00000000a1680000, 0x00000000e0000000)
  object space 23040K, 55% used [0x00000000a0000000,0x00000000a0c84fe0,0x00000000a1680000)
 Metaspace       used 30886K, capacity 31372K, committed 31872K, reserved 1077248K
  class space    used 4231K, capacity 4403K, committed 4480K, reserved 1048576K
GC Heap History (10 events):
Event: 16.108 GC heap before
{Heap before GC invocations=12 (full 0):
 PSYoungGen      total 30208K, used 29302K [0x00000000e0000000, 0x00000000e3100000, 0x0000000100000000)
  eden space 26112K, 100% used [0x00000000e0000000,0x00000000e1980000,0x00000000e1980000)
  from space 4096K, 77% used [0x00000000e1980000,0x00000000e1c9d888,0x00000000e1d80000)
  to   space 4096K, 0% used [0x00000000e2d00000,0x00000000e2d00000,0x00000000e3100000)
 ParOldGen       total 20480K, used 6951K [0x00000000a0000000, 0x00000000a1400000, 0x00000000e0000000)
  object space 20480K, 33% used [0x00000000a0000000,0x00000000a06c9c38,0x00000000a1400000)
 Metaspace       used 18052K, capacity 18446K, committed 18688K, reserved 1064960K
  class space    used 2619K, capacity 2773K, committed 2816K, reserved 1048576K
Event: 16.122 GC heap after
Heap after GC invocations=12 (full 0):
 PSYoungGen      total 46080K, used 2978K [0x00000000e0000000, 0x00000000e3100000, 0x0000000100000000)
  eden space 41984K, 0% used [0x00000000e0000000,0x00000000e0000000,0x00000000e2900000)
  from space 4096K, 72% used [0x00000000e2d00000,0x00000000e2fe8b08,0x00000000e3100000)
  to   space 4096K, 0% used [0x00000000e2900000,0x00000000e2900000,0x00000000e2d00000)
 ParOldGen       total 20480K, used 7961K [0x00000000a0000000, 0x00000000a1400000, 0x00000000e0000000)
  object space 20480K, 38% used [0x00000000a0000000,0x00000000a07c64d0,0x00000000a1400000)
 Metaspace       used 18052K, capacity 18446K, committed 18688K, reserved 1064960K
  class space    used 2619K, capacity 2773K, committed 2816K, reserved 1048576K
}
Event: 17.075 GC heap before
{Heap before GC invocations=13 (full 0):
 PSYoungGen      total 46080K, used 24326K [0x00000000e0000000, 0x00000000e3100000, 0x0000000100000000)
  eden space 41984K, 50% used [0x00000000e0000000,0x00000000e14d8d48,0x00000000e2900000)
  from space 4096K, 72% used [0x00000000e2d00000,0x00000000e2fe8b08,0x00000000e3100000)
  to   space 4096K, 0% used [0x00000000e2900000,0x00000000e2900000,0x00000000e2d00000)
 ParOldGen       total 20480K, used 7961K [0x00000000a0000000, 0x00000000a1400000, 0x00000000e0000000)
  object space 20480K, 38% used [0x00000000a0000000,0x00000000a07c64d0,0x00000000a1400000)
 Metaspace       used 20777K, capacity 21108K, committed 21248K, reserved 1067008K
  class space    used 2916K, capacity 3062K, committed 3072K, reserved 1048576K
Event: 17.088 GC heap after
Heap after GC invocations=13 (full 0):
 PSYoungGen      total 46080K, used 3094K [0x00000000e0000000, 0x00000000e4b00000, 0x0000000100000000)
  eden space 41984K, 0% used [0x00000000e0000000,0x00000000e0000000,0x00000000e2900000)
  from space 4096K, 75% used [0x00000000e2900000,0x00000000e2c05ba0,0x00000000e2d00000)
  to   space 4608K, 0% used [0x00000000e4680000,0x00000000e4680000,0x00000000e4b00000)
 ParOldGen       total 20480K, used 8720K [0x00000000a0000000, 0x00000000a1400000, 0x00000000e0000000)
  object space 20480K, 42% used [0x00000000a0000000,0x00000000a08843a0,0x00000000a1400000)
 Metaspace       used 20777K, capacity 21108K, committed 21248K, reserved 1067008K
  class space    used 2916K, capacity 3062K, committed 3072K, reserved 1048576K
}
Event: 17.088 GC heap before
{Heap before GC invocations=14 (full 1):
 PSYoungGen      total 46080K, used 3094K [0x00000000e0000000, 0x00000000e4b00000, 0x0000000100000000)
  eden space 41984K, 0% used [0x00000000e0000000,0x00000000e0000000,0x00000000e2900000)
  from space 4096K, 75% used [0x00000000e2900000,0x00000000e2c05ba0,0x00000000e2d00000)
  to   space 4608K, 0% used [0x00000000e4680000,0x00000000e4680000,0x00000000e4b00000)
 ParOldGen       total 20480K, used 8720K [0x00000000a0000000, 0x00000000a1400000, 0x00000000e0000000)
  object space 20480K, 42% used [0x00000000a0000000,0x00000000a08843a0,0x00000000a1400000)
 Metaspace       used 20777K, capacity 21108K, committed 21248K, reserved 1067008K
  class space    used 2916K, capacity 3062K, committed 3072K, reserved 1048576K
Event: 17.213 GC heap after
Heap after GC invocations=14 (full 1):
 PSYoungGen      total 46080K, used 0K [0x00000000e0000000, 0x00000000e4b00000, 0x0000000100000000)
  eden space 41984K, 0% used [0x00000000e0000000,0x00000000e0000000,0x00000000e2900000)
  from space 4096K, 0% used [0x00000000e2900000,0x00000000e2900000,0x00000000e2d00000)
  to   space 4608K, 0% used [0x00000000e4680000,0x00000000e4680000,0x00000000e4b00000)
 ParOldGen       total 23040K, used 9563K [0x00000000a0000000, 0x00000000a1680000, 0x00000000e0000000)
  object space 23040K, 41% used [0x00000000a0000000,0x00000000a0956d60,0x00000000a1680000)
 Metaspace       used 20777K, capacity 21108K, committed 21248K, reserved 1067008K
  class space    used 2916K, capacity 3062K, committed 3072K, reserved 1048576K
}
Event: 19.638 GC heap before
{Heap before GC invocations=15 (full 1):
 PSYoungGen      total 46080K, used 41984K [0x00000000e0000000, 0x00000000e4b00000, 0x0000000100000000)
  eden space 41984K, 100% used [0x00000000e0000000,0x00000000e2900000,0x00000000e2900000)
  from space 4096K, 0% used [0x00000000e2900000,0x00000000e2900000,0x00000000e2d00000)
  to   space 4608K, 0% used [0x00000000e4680000,0x00000000e4680000,0x00000000e4b00000)
 ParOldGen       total 23040K, used 9563K [0x00000000a0000000, 0x00000000a1680000, 0x00000000e0000000)
  object space 23040K, 41% used [0x00000000a0000000,0x00000000a0956d60,0x00000000a1680000)
 Metaspace       used 26464K, capacity 26886K, committed 27392K, reserved 1073152K
  class space    used 3583K, capacity 3744K, committed 3840K, reserved 1048576K
Event: 19.666 GC heap after
Heap after GC invocations=15 (full 1):
 PSYoungGen      total 62464K, used 4607K [0x00000000e0000000, 0x00000000e4b00000, 0x0000000100000000)
  eden space 57856K, 0% used [0x00000000e0000000,0x00000000e0000000,0x00000000e3880000)
  from space 4608K, 99% used [0x00000000e4680000,0x00000000e4afffe8,0x00000000e4b00000)
  to   space 5632K, 0% used [0x00000000e4000000,0x00000000e4000000,0x00000000e4580000)
 ParOldGen       total 23040K, used 10291K [0x00000000a0000000, 0x00000000a1680000, 0x00000000e0000000)
  object space 23040K, 44% used [0x00000000a0000000,0x00000000a0a0cfd0,0x00000000a1680000)
 Metaspace       used 26464K, capacity 26886K, committed 27392K, reserved 1073152K
  class space    used 3583K, capacity 3744K, committed 3840K, reserved 1048576K
}
Event: 21.767 GC heap before
{Heap before GC invocations=16 (full 1):
 PSYoungGen      total 62464K, used 62463K [0x00000000e0000000, 0x00000000e4b00000, 0x0000000100000000)
  eden space 57856K, 100% used [0x00000000e0000000,0x00000000e3880000,0x00000000e3880000)
  from space 4608K, 99% used [0x00000000e4680000,0x00000000e4afffe8,0x00000000e4b00000)
  to   space 5632K, 0% used [0x00000000e4000000,0x00000000e4000000,0x00000000e4580000)
 ParOldGen       total 23040K, used 10291K [0x00000000a0000000, 0x00000000a1680000, 0x00000000e0000000)
  object space 23040K, 44% used [0x00000000a0000000,0x00000000a0a0cfd0,0x00000000a1680000)
 Metaspace       used 30251K, capacity 30732K, committed 31232K, reserved 1077248K
  class space    used 4122K, capacity 4275K, committed 4352K, reserved 1048576K
Event: 21.792 GC heap after
Heap after GC invocations=16 (full 1):
 PSYoungGen      total 71168K, used 5090K [0x00000000e0000000, 0x00000000e5980000, 0x0000000100000000)
  eden space 65536K, 0% used [0x00000000e0000000,0x00000000e0000000,0x00000000e4000000)
  from space 5632K, 90% used [0x00000000e4000000,0x00000000e44f8958,0x00000000e4580000)
  to   space 6144K, 0% used [0x00000000e5380000,0x00000000e5380000,0x00000000e5980000)
 ParOldGen       total 23040K, used 12819K [0x00000000a0000000, 0x00000000a1680000, 0x00000000e0000000)
  object space 23040K, 55% used [0x00000000a0000000,0x00000000a0c84fe0,0x00000000a1680000)
 Metaspace       used 30251K, capacity 30732K, committed 31232K, reserved 1077248K
  class space    used 4122K, capacity 4275K, committed 4352K, reserved 1048576K
}

