# JRE version: OpenJDK Runtime Environment (8.0_202-b03) (build 1.8.0_202-release-1483-b03)
# Java VM: OpenJDK 64-Bit Server VM (25.202-b03 mixed mode windows-amd64 compressed oops)
Heap:
 PSYoungGen      total 212480K, used 140417K [0x00000000e0000000, 0x00000000f2480000, 0x0000000100000000)
  eden space 183808K, 76% used [0x00000000e0000000,0x00000000e89204f8,0x00000000eb380000)
  from space 28672K, 0% used [0x00000000eb380000,0x00000000eb380000,0x00000000ecf80000)
  to   space 41984K, 0% used [0x00000000efb80000,0x00000000efb80000,0x00000000f2480000)
 ParOldGen       total 118272K, used 69721K [0x00000000a0000000, 0x00000000a7380000, 0x00000000e0000000)
  object space 118272K, 58% used [0x00000000a0000000,0x00000000a4416548,0x00000000a7380000)
 Metaspace       used 81517K, capacity 84298K, committed 84440K, reserved 1122304K
  class space    used 10600K, capacity 11195K, committed 11264K, reserved 1048576K
GC Heap History (10 events):
Event: 81.631 GC heap before
{Heap before GC invocations=17 (full 3):
 PSYoungGen      total 167424K, used 13308K [0x00000000e0000000, 0x00000000eca00000, 0x0000000100000000)
  eden space 154112K, 0% used [0x00000000e0000000,0x00000000e0000000,0x00000000e9680000)
  from space 13312K, 99% used [0x00000000ea900000,0x00000000eb5ff1d8,0x00000000eb600000)
  to   space 18944K, 0% used [0x00000000e9680000,0x00000000e9680000,0x00000000ea900000)
 ParOldGen       total 37888K, used 31089K [0x00000000a0000000, 0x00000000a2500000, 0x00000000e0000000)
  object space 37888K, 82% used [0x00000000a0000000,0x00000000a1e5c5e8,0x00000000a2500000)
 Metaspace       used 54064K, capacity 55470K, committed 55640K, reserved 1097728K
  class space    used 7329K, capacity 7691K, committed 7808K, reserved 1048576K
Event: 83.402 GC heap after
Heap after GC invocations=17 (full 3):
 PSYoungGen      total 167424K, used 0K [0x00000000e0000000, 0x00000000eca00000, 0x0000000100000000)
  eden space 154112K, 0% used [0x00000000e0000000,0x00000000e0000000,0x00000000e9680000)
  from space 13312K, 0% used [0x00000000ea900000,0x00000000ea900000,0x00000000eb600000)
  to   space 18944K, 0% used [0x00000000e9680000,0x00000000e9680000,0x00000000ea900000)
 ParOldGen       total 67584K, used 36468K [0x00000000a0000000, 0x00000000a4200000, 0x00000000e0000000)
  object space 67584K, 53% used [0x00000000a0000000,0x00000000a239d3b8,0x00000000a4200000)
 Metaspace       used 54064K, capacity 55470K, committed 55640K, reserved 1097728K
  class space    used 7329K, capacity 7691K, committed 7808K, reserved 1048576K
}
Event: 492.667 GC heap before
{Heap before GC invocations=18 (full 3):
 PSYoungGen      total 167424K, used 154112K [0x00000000e0000000, 0x00000000eca00000, 0x0000000100000000)
  eden space 154112K, 100% used [0x00000000e0000000,0x00000000e9680000,0x00000000e9680000)
  from space 13312K, 0% used [0x00000000ea900000,0x00000000ea900000,0x00000000eb600000)
  to   space 18944K, 0% used [0x00000000e9680000,0x00000000e9680000,0x00000000ea900000)
 ParOldGen       total 67584K, used 36468K [0x00000000a0000000, 0x00000000a4200000, 0x00000000e0000000)
  object space 67584K, 53% used [0x00000000a0000000,0x00000000a239d3b8,0x00000000a4200000)
 Metaspace       used 63465K, capacity 65394K, committed 65752K, reserved 1105920K
  class space    used 8402K, capacity 8841K, committed 8960K, reserved 1048576K
Event: 493.462 GC heap after
Heap after GC invocations=18 (full 3):
 PSYoungGen      total 173056K, used 14059K [0x00000000e0000000, 0x00000000ee300000, 0x0000000100000000)
  eden space 154112K, 0% used [0x00000000e0000000,0x00000000e0000000,0x00000000e9680000)
  from space 18944K, 74% used [0x00000000e9680000,0x00000000ea43ae78,0x00000000ea900000)
  to   space 19968K, 0% used [0x00000000ecf80000,0x00000000ecf80000,0x00000000ee300000)
 ParOldGen       total 67584K, used 36540K [0x00000000a0000000, 0x00000000a4200000, 0x00000000e0000000)
  object space 67584K, 54% used [0x00000000a0000000,0x00000000a23af3c8,0x00000000a4200000)
 Metaspace       used 63465K, capacity 65394K, committed 65752K, reserved 1105920K
  class space    used 8402K, capacity 8841K, committed 8960K, reserved 1048576K
}
Event: 516.899 GC heap before
{Heap before GC invocations=19 (full 3):
 PSYoungGen      total 173056K, used 164846K [0x00000000e0000000, 0x00000000ee300000, 0x0000000100000000)
  eden space 154112K, 97% used [0x00000000e0000000,0x00000000e93409b0,0x00000000e9680000)
  from space 18944K, 74% used [0x00000000e9680000,0x00000000ea43ae78,0x00000000ea900000)
  to   space 19968K, 0% used [0x00000000ecf80000,0x00000000ecf80000,0x00000000ee300000)
 ParOldGen       total 67584K, used 36540K [0x00000000a0000000, 0x00000000a4200000, 0x00000000e0000000)
  object space 67584K, 54% used [0x00000000a0000000,0x00000000a23af3c8,0x00000000a4200000)
 Metaspace       used 66254K, capacity 68236K, committed 68312K, reserved 1107968K
  class space    used 8703K, capacity 9188K, committed 9216K, reserved 1048576K
Event: 517.250 GC heap after
Heap after GC invocations=19 (full 3):
 PSYoungGen      total 203776K, used 19953K [0x00000000e0000000, 0x00000000ef300000, 0x0000000100000000)
  eden space 183808K, 0% used [0x00000000e0000000,0x00000000e0000000,0x00000000eb380000)
  from space 19968K, 99% used [0x00000000ecf80000,0x00000000ee2fc638,0x00000000ee300000)
  to   space 28672K, 0% used [0x00000000eb380000,0x00000000eb380000,0x00000000ecf80000)
 ParOldGen       total 67584K, used 50932K [0x00000000a0000000, 0x00000000a4200000, 0x00000000e0000000)
  object space 67584K, 75% used [0x00000000a0000000,0x00000000a31bd1e0,0x00000000a4200000)
 Metaspace       used 66254K, capacity 68236K, committed 68312K, reserved 1107968K
  class space    used 8703K, capacity 9188K, committed 9216K, reserved 1048576K
}
Event: 580.527 GC heap before
{Heap before GC invocations=20 (full 3):
 PSYoungGen      total 203776K, used 203761K [0x00000000e0000000, 0x00000000ef300000, 0x0000000100000000)
  eden space 183808K, 100% used [0x00000000e0000000,0x00000000eb380000,0x00000000eb380000)
  from space 19968K, 99% used [0x00000000ecf80000,0x00000000ee2fc638,0x00000000ee300000)
  to   space 28672K, 0% used [0x00000000eb380000,0x00000000eb380000,0x00000000ecf80000)
 ParOldGen       total 67584K, used 50932K [0x00000000a0000000, 0x00000000a4200000, 0x00000000e0000000)
  object space 67584K, 75% used [0x00000000a0000000,0x00000000a31bd1e0,0x00000000a4200000)
 Metaspace       used 73322K, capacity 75462K, committed 75480K, reserved 1114112K
  class space    used 9507K, capacity 9981K, committed 9984K, reserved 1048576K
Event: 582.433 GC heap after
Heap after GC invocations=20 (full 3):
 PSYoungGen      total 212480K, used 28648K [0x00000000e0000000, 0x00000000f2480000, 0x0000000100000000)
  eden space 183808K, 0% used [0x00000000e0000000,0x00000000e0000000,0x00000000eb380000)
  from space 28672K, 99% used [0x00000000eb380000,0x00000000ecf7a290,0x00000000ecf80000)
  to   space 41984K, 0% used [0x00000000efb80000,0x00000000efb80000,0x00000000f2480000)
 ParOldGen       total 73216K, used 72710K [0x00000000a0000000, 0x00000000a4780000, 0x00000000e0000000)
  object space 73216K, 99% used [0x00000000a0000000,0x00000000a47019d8,0x00000000a4780000)
 Metaspace       used 73322K, capacity 75462K, committed 75480K, reserved 1114112K
  class space    used 9507K, capacity 9981K, committed 9984K, reserved 1048576K
}
Event: 582.439 GC heap before
{Heap before GC invocations=21 (full 4):
 PSYoungGen      total 212480K, used 28648K [0x00000000e0000000, 0x00000000f2480000, 0x0000000100000000)
  eden space 183808K, 0% used [0x00000000e0000000,0x00000000e0000000,0x00000000eb380000)
  from space 28672K, 99% used [0x00000000eb380000,0x00000000ecf7a290,0x00000000ecf80000)
  to   space 41984K, 0% used [0x00000000efb80000,0x00000000efb80000,0x00000000f2480000)
 ParOldGen       total 73216K, used 72710K [0x00000000a0000000, 0x00000000a4780000, 0x00000000e0000000)
  object space 73216K, 99% used [0x00000000a0000000,0x00000000a47019d8,0x00000000a4780000)
 Metaspace       used 73322K, capacity 75462K, committed 75480K, reserved 1114112K
  class space    used 9507K, capacity 9981K, committed 9984K, reserved 1048576K
Event: 588.671 GC heap after
Heap after GC invocations=21 (full 4):
 PSYoungGen      total 212480K, used 0K [0x00000000e0000000, 0x00000000f2480000, 0x0000000100000000)
  eden space 183808K, 0% used [0x00000000e0000000,0x00000000e0000000,0x00000000eb380000)
  from space 28672K, 0% used [0x00000000eb380000,0x00000000eb380000,0x00000000ecf80000)
  to   space 41984K, 0% used [0x00000000efb80000,0x00000000efb80000,0x00000000f2480000)
 ParOldGen       total 118272K, used 69721K [0x00000000a0000000, 0x00000000a7380000, 0x00000000e0000000)
  object space 118272K, 58% used [0x00000000a0000000,0x00000000a4416548,0x00000000a7380000)
 Metaspace       used 73303K, capacity 75406K, committed 75480K, reserved 1114112K
  class space    used 9501K, capacity 9971K, committed 9984K, reserved 1048576K
}

