# JRE version: OpenJDK Runtime Environment (8.0_202-b03) (build 1.8.0_202-release-1483-b03)
# Java VM: OpenJDK 64-Bit Server VM (25.202-b03 mixed mode windows-amd64 compressed oops)
Heap:
 PSYoungGen      total 291840K, used 172685K [0x00000000e0000000, 0x00000000f6980000, 0x0000000100000000)
  eden space 264704K, 58% used [0x00000000e0000000,0x00000000e9829848,0x00000000f0280000)
  from space 27136K, 62% used [0x00000000f2180000,0x00000000f31f9d40,0x00000000f3c00000)
  to   space 31744K, 0% used [0x00000000f0280000,0x00000000f0280000,0x00000000f2180000)
 ParOldGen       total 63488K, used 47922K [0x00000000a0000000, 0x00000000a3e00000, 0x00000000e0000000)
  object space 63488K, 75% used [0x00000000a0000000,0x00000000a2ecc8f0,0x00000000a3e00000)
 Metaspace       used 82638K, capacity 86394K, committed 86488K, reserved 1124352K
  class space    used 10765K, capacity 11483K, committed 11520K, reserved 1048576K
GC Heap History (10 events):
Event: 500.224 GC heap before
{Heap before GC invocations=19 (full 3):
 PSYoungGen      total 215552K, used 214333K [0x00000000e0000000, 0x00000000f0f80000, 0x0000000100000000)
  eden space 197120K, 100% used [0x00000000e0000000,0x00000000ec080000,0x00000000ec080000)
  from space 18432K, 93% used [0x00000000ec080000,0x00000000ed14f4b8,0x00000000ed280000)
  to   space 21504K, 0% used [0x00000000efa80000,0x00000000efa80000,0x00000000f0f80000)
 ParOldGen       total 63488K, used 33895K [0x00000000a0000000, 0x00000000a3e00000, 0x00000000e0000000)
  object space 63488K, 53% used [0x00000000a0000000,0x00000000a2119cc0,0x00000000a3e00000)
 Metaspace       used 65554K, capacity 68032K, committed 68312K, reserved 1107968K
  class space    used 8852K, capacity 9390K, committed 9472K, reserved 1048576K
Event: 500.465 GC heap after
Heap after GC invocations=19 (full 3):
 PSYoungGen      total 251904K, used 21494K [0x00000000e0000000, 0x00000000f1a00000, 0x0000000100000000)
  eden space 230400K, 0% used [0x00000000e0000000,0x00000000e0000000,0x00000000ee100000)
  from space 21504K, 99% used [0x00000000efa80000,0x00000000f0f7dac8,0x00000000f0f80000)
  to   space 26112K, 0% used [0x00000000ee100000,0x00000000ee100000,0x00000000efa80000)
 ParOldGen       total 63488K, used 36744K [0x00000000a0000000, 0x00000000a3e00000, 0x00000000e0000000)
  object space 63488K, 57% used [0x00000000a0000000,0x00000000a23e21b0,0x00000000a3e00000)
 Metaspace       used 65554K, capacity 68032K, committed 68312K, reserved 1107968K
  class space    used 8852K, capacity 9390K, committed 9472K, reserved 1048576K
}
Event: 562.005 GC heap before
{Heap before GC invocations=20 (full 3):
 PSYoungGen      total 251904K, used 251894K [0x00000000e0000000, 0x00000000f1a00000, 0x0000000100000000)
  eden space 230400K, 100% used [0x00000000e0000000,0x00000000ee100000,0x00000000ee100000)
  from space 21504K, 99% used [0x00000000efa80000,0x00000000f0f7dac8,0x00000000f0f80000)
  to   space 26112K, 0% used [0x00000000ee100000,0x00000000ee100000,0x00000000efa80000)
 ParOldGen       total 63488K, used 36744K [0x00000000a0000000, 0x00000000a3e00000, 0x00000000e0000000)
  object space 63488K, 57% used [0x00000000a0000000,0x00000000a23e21b0,0x00000000a3e00000)
 Metaspace       used 71633K, capacity 74498K, committed 74840K, reserved 1114112K
  class space    used 9444K, capacity 10029K, committed 10112K, reserved 1048576K
Event: 564.007 GC heap after
Heap after GC invocations=20 (full 3):
 PSYoungGen      total 256512K, used 24017K [0x00000000e0000000, 0x00000000f3f00000, 0x0000000100000000)
  eden space 230400K, 0% used [0x00000000e0000000,0x00000000e0000000,0x00000000ee100000)
  from space 26112K, 91% used [0x00000000ee100000,0x00000000ef874648,0x00000000efa80000)
  to   space 30208K, 0% used [0x00000000f2180000,0x00000000f2180000,0x00000000f3f00000)
 ParOldGen       total 63488K, used 47898K [0x00000000a0000000, 0x00000000a3e00000, 0x00000000e0000000)
  object space 63488K, 75% used [0x00000000a0000000,0x00000000a2ec68f0,0x00000000a3e00000)
 Metaspace       used 71633K, capacity 74498K, committed 74840K, reserved 1114112K
  class space    used 9444K, capacity 10029K, committed 10112K, reserved 1048576K
}
Event: 1304.296 GC heap before
{Heap before GC invocations=21 (full 3):
 PSYoungGen      total 256512K, used 254417K [0x00000000e0000000, 0x00000000f3f00000, 0x0000000100000000)
  eden space 230400K, 100% used [0x00000000e0000000,0x00000000ee100000,0x00000000ee100000)
  from space 26112K, 91% used [0x00000000ee100000,0x00000000ef874648,0x00000000efa80000)
  to   space 30208K, 0% used [0x00000000f2180000,0x00000000f2180000,0x00000000f3f00000)
 ParOldGen       total 63488K, used 47898K [0x00000000a0000000, 0x00000000a3e00000, 0x00000000e0000000)
  object space 63488K, 75% used [0x00000000a0000000,0x00000000a2ec68f0,0x00000000a3e00000)
 Metaspace       used 78329K, capacity 81614K, committed 81752K, reserved 1120256K
  class space    used 10334K, capacity 11025K, committed 11136K, reserved 1048576K
Event: 1304.947 GC heap after
Heap after GC invocations=21 (full 3):
 PSYoungGen      total 287232K, used 21189K [0x00000000e0000000, 0x00000000f3c00000, 0x0000000100000000)
  eden space 260096K, 0% used [0x00000000e0000000,0x00000000e0000000,0x00000000efe00000)
  from space 27136K, 78% used [0x00000000f2180000,0x00000000f3631430,0x00000000f3c00000)
  to   space 31744K, 0% used [0x00000000efe00000,0x00000000efe00000,0x00000000f1d00000)
 ParOldGen       total 63488K, used 47906K [0x00000000a0000000, 0x00000000a3e00000, 0x00000000e0000000)
  object space 63488K, 75% used [0x00000000a0000000,0x00000000a2ec88f0,0x00000000a3e00000)
 Metaspace       used 78329K, capacity 81614K, committed 81752K, reserved 1120256K
  class space    used 10334K, capacity 11025K, committed 11136K, reserved 1048576K
}
Event: 1325.085 GC heap before
{Heap before GC invocations=22 (full 3):
 PSYoungGen      total 287232K, used 281285K [0x00000000e0000000, 0x00000000f3c00000, 0x0000000100000000)
  eden space 260096K, 100% used [0x00000000e0000000,0x00000000efe00000,0x00000000efe00000)
  from space 27136K, 78% used [0x00000000f2180000,0x00000000f3631430,0x00000000f3c00000)
  to   space 31744K, 0% used [0x00000000efe00000,0x00000000efe00000,0x00000000f1d00000)
 ParOldGen       total 63488K, used 47906K [0x00000000a0000000, 0x00000000a3e00000, 0x00000000e0000000)
  object space 63488K, 75% used [0x00000000a0000000,0x00000000a2ec88f0,0x00000000a3e00000)
 Metaspace       used 82144K, capacity 85838K, committed 85976K, reserved 1124352K
  class space    used 10729K, capacity 11471K, committed 11520K, reserved 1048576K
Event: 1326.459 GC heap after
Heap after GC invocations=22 (full 3):
 PSYoungGen      total 291840K, used 17683K [0x00000000e0000000, 0x00000000f3c00000, 0x0000000100000000)
  eden space 260096K, 0% used [0x00000000e0000000,0x00000000e0000000,0x00000000efe00000)
  from space 31744K, 55% used [0x00000000efe00000,0x00000000f0f44ed0,0x00000000f1d00000)
  to   space 27136K, 0% used [0x00000000f2180000,0x00000000f2180000,0x00000000f3c00000)
 ParOldGen       total 63488K, used 47922K [0x00000000a0000000, 0x00000000a3e00000, 0x00000000e0000000)
  object space 63488K, 75% used [0x00000000a0000000,0x00000000a2ecc8f0,0x00000000a3e00000)
 Metaspace       used 82144K, capacity 85838K, committed 85976K, reserved 1124352K
  class space    used 10729K, capacity 11471K, committed 11520K, reserved 1048576K
}
Event: 1353.424 GC heap before
{Heap before GC invocations=23 (full 3):
 PSYoungGen      total 291840K, used 277779K [0x00000000e0000000, 0x00000000f3c00000, 0x0000000100000000)
  eden space 260096K, 100% used [0x00000000e0000000,0x00000000efe00000,0x00000000efe00000)
  from space 31744K, 55% used [0x00000000efe00000,0x00000000f0f44ed0,0x00000000f1d00000)
  to   space 27136K, 0% used [0x00000000f2180000,0x00000000f2180000,0x00000000f3c00000)
 ParOldGen       total 63488K, used 47922K [0x00000000a0000000, 0x00000000a3e00000, 0x00000000e0000000)
  object space 63488K, 75% used [0x00000000a0000000,0x00000000a2ecc8f0,0x00000000a3e00000)
 Metaspace       used 82436K, capacity 86168K, committed 86232K, reserved 1124352K
  class space    used 10749K, capacity 11480K, committed 11520K, reserved 1048576K
Event: 1353.918 GC heap after
Heap after GC invocations=23 (full 3):
 PSYoungGen      total 291840K, used 16871K [0x00000000e0000000, 0x00000000f6980000, 0x0000000100000000)
  eden space 264704K, 0% used [0x00000000e0000000,0x00000000e0000000,0x00000000f0280000)
  from space 27136K, 62% used [0x00000000f2180000,0x00000000f31f9d40,0x00000000f3c00000)
  to   space 31744K, 0% used [0x00000000f0280000,0x00000000f0280000,0x00000000f2180000)
 ParOldGen       total 63488K, used 47922K [0x00000000a0000000, 0x00000000a3e00000, 0x00000000e0000000)
  object space 63488K, 75% used [0x00000000a0000000,0x00000000a2ecc8f0,0x00000000a3e00000)
 Metaspace       used 82436K, capacity 86168K, committed 86232K, reserved 1124352K
  class space    used 10749K, capacity 11480K, committed 11520K, reserved 1048576K
}

