# JRE version: OpenJDK Runtime Environment (8.0_202-b03) (build 1.8.0_202-release-1483-b03)
# Java VM: OpenJDK 64-Bit Server VM (25.202-b03 mixed mode windows-amd64 compressed oops)
Heap:
 PSYoungGen      total 146432K, used 90497K [0x00000000e0000000, 0x00000000ea000000, 0x0000000100000000)
  eden space 130560K, 69% used [0x00000000e0000000,0x00000000e5860630,0x00000000e7f80000)
  from space 15872K, 0% used [0x00000000e7f80000,0x00000000e7f80000,0x00000000e8f00000)
  to   space 14336K, 0% used [0x00000000e8f00000,0x00000000e8f00000,0x00000000e9d00000)
 ParOldGen       total 39936K, used 35320K [0x00000000a0000000, 0x00000000a2700000, 0x00000000e0000000)
  object space 39936K, 88% used [0x00000000a0000000,0x00000000a227e358,0x00000000a2700000)
 Metaspace       used 62170K, capacity 64451K, committed 64640K, reserved 1105920K
  class space    used 8587K, capacity 9076K, committed 9088K, reserved 1048576K
GC Heap History (10 events):
Event: 22.404 GC heap before
{Heap before GC invocations=14 (full 2):
 PSYoungGen      total 115712K, used 6892K [0x00000000e0000000, 0x00000000e9600000, 0x0000000100000000)
  eden space 103936K, 0% used [0x00000000e0000000,0x00000000e0000000,0x00000000e6580000)
  from space 11776K, 58% used [0x00000000e7100000,0x00000000e77bb1a0,0x00000000e7c80000)
  to   space 11776K, 0% used [0x00000000e6580000,0x00000000e6580000,0x00000000e7100000)
 ParOldGen       total 27648K, used 16047K [0x00000000a0000000, 0x00000000a1b00000, 0x00000000e0000000)
  object space 27648K, 58% used [0x00000000a0000000,0x00000000a0fabeb0,0x00000000a1b00000)
 Metaspace       used 34612K, capacity 35456K, committed 35456K, reserved 1079296K
  class space    used 4776K, capacity 4992K, committed 4992K, reserved 1048576K
Event: 22.665 GC heap after
Heap after GC invocations=14 (full 2):
 PSYoungGen      total 115712K, used 0K [0x00000000e0000000, 0x00000000e9600000, 0x0000000100000000)
  eden space 103936K, 0% used [0x00000000e0000000,0x00000000e0000000,0x00000000e6580000)
  from space 11776K, 0% used [0x00000000e7100000,0x00000000e7100000,0x00000000e7c80000)
  to   space 11776K, 0% used [0x00000000e6580000,0x00000000e6580000,0x00000000e7100000)
 ParOldGen       total 39936K, used 16938K [0x00000000a0000000, 0x00000000a2700000, 0x00000000e0000000)
  object space 39936K, 42% used [0x00000000a0000000,0x00000000a108aa40,0x00000000a2700000)
 Metaspace       used 34612K, capacity 35456K, committed 35456K, reserved 1079296K
  class space    used 4776K, capacity 4992K, committed 4992K, reserved 1048576K
}
Event: 28.931 GC heap before
{Heap before GC invocations=15 (full 2):
 PSYoungGen      total 115712K, used 103936K [0x00000000e0000000, 0x00000000e9600000, 0x0000000100000000)
  eden space 103936K, 100% used [0x00000000e0000000,0x00000000e6580000,0x00000000e6580000)
  from space 11776K, 0% used [0x00000000e7100000,0x00000000e7100000,0x00000000e7c80000)
  to   space 11776K, 0% used [0x00000000e6580000,0x00000000e6580000,0x00000000e7100000)
 ParOldGen       total 39936K, used 16938K [0x00000000a0000000, 0x00000000a2700000, 0x00000000e0000000)
  object space 39936K, 42% used [0x00000000a0000000,0x00000000a108aa40,0x00000000a2700000)
 Metaspace       used 44858K, capacity 46040K, committed 46336K, reserved 1089536K
  class space    used 6057K, capacity 6343K, committed 6400K, reserved 1048576K
Event: 28.977 GC heap after
Heap after GC invocations=15 (full 2):
 PSYoungGen      total 115712K, used 11762K [0x00000000e0000000, 0x00000000e9d00000, 0x0000000100000000)
  eden space 103936K, 0% used [0x00000000e0000000,0x00000000e0000000,0x00000000e6580000)
  from space 11776K, 99% used [0x00000000e6580000,0x00000000e70fca00,0x00000000e7100000)
  to   space 14336K, 0% used [0x00000000e8f00000,0x00000000e8f00000,0x00000000e9d00000)
 ParOldGen       total 39936K, used 19360K [0x00000000a0000000, 0x00000000a2700000, 0x00000000e0000000)
  object space 39936K, 48% used [0x00000000a0000000,0x00000000a12e82c0,0x00000000a2700000)
 Metaspace       used 44858K, capacity 46040K, committed 46336K, reserved 1089536K
  class space    used 6057K, capacity 6343K, committed 6400K, reserved 1048576K
}
Event: 33.085 GC heap before
{Heap before GC invocations=16 (full 2):
 PSYoungGen      total 115712K, used 115698K [0x00000000e0000000, 0x00000000e9d00000, 0x0000000100000000)
  eden space 103936K, 100% used [0x00000000e0000000,0x00000000e6580000,0x00000000e6580000)
  from space 11776K, 99% used [0x00000000e6580000,0x00000000e70fca00,0x00000000e7100000)
  to   space 14336K, 0% used [0x00000000e8f00000,0x00000000e8f00000,0x00000000e9d00000)
 ParOldGen       total 39936K, used 19360K [0x00000000a0000000, 0x00000000a2700000, 0x00000000e0000000)
  object space 39936K, 48% used [0x00000000a0000000,0x00000000a12e82c0,0x00000000a2700000)
 Metaspace       used 51945K, capacity 53544K, committed 53760K, reserved 1095680K
  class space    used 7042K, capacity 7400K, committed 7424K, reserved 1048576K
Event: 33.148 GC heap after
Heap after GC invocations=16 (full 2):
 PSYoungGen      total 144896K, used 11378K [0x00000000e0000000, 0x00000000ea000000, 0x0000000100000000)
  eden space 130560K, 0% used [0x00000000e0000000,0x00000000e0000000,0x00000000e7f80000)
  from space 14336K, 79% used [0x00000000e8f00000,0x00000000e9a1cb20,0x00000000e9d00000)
  to   space 15872K, 0% used [0x00000000e7f80000,0x00000000e7f80000,0x00000000e8f00000)
 ParOldGen       total 39936K, used 26240K [0x00000000a0000000, 0x00000000a2700000, 0x00000000e0000000)
  object space 39936K, 65% used [0x00000000a0000000,0x00000000a19a00e8,0x00000000a2700000)
 Metaspace       used 51945K, capacity 53544K, committed 53760K, reserved 1095680K
  class space    used 7042K, capacity 7400K, committed 7424K, reserved 1048576K
}
Event: 39.639 GC heap before
{Heap before GC invocations=17 (full 2):
 PSYoungGen      total 144896K, used 103849K [0x00000000e0000000, 0x00000000ea000000, 0x0000000100000000)
  eden space 130560K, 70% used [0x00000000e0000000,0x00000000e5a4d930,0x00000000e7f80000)
  from space 14336K, 79% used [0x00000000e8f00000,0x00000000e9a1cb20,0x00000000e9d00000)
  to   space 15872K, 0% used [0x00000000e7f80000,0x00000000e7f80000,0x00000000e8f00000)
 ParOldGen       total 39936K, used 26240K [0x00000000a0000000, 0x00000000a2700000, 0x00000000e0000000)
  object space 39936K, 65% used [0x00000000a0000000,0x00000000a19a00e8,0x00000000a2700000)
 Metaspace       used 56934K, capacity 59001K, committed 59096K, reserved 1099776K
  class space    used 7798K, capacity 8225K, committed 8320K, reserved 1048576K
Event: 39.750 GC heap after
Heap after GC invocations=17 (full 2):
 PSYoungGen      total 146432K, used 13882K [0x00000000e0000000, 0x00000000ea000000, 0x0000000100000000)
  eden space 130560K, 0% used [0x00000000e0000000,0x00000000e0000000,0x00000000e7f80000)
  from space 15872K, 87% used [0x00000000e7f80000,0x00000000e8d0e990,0x00000000e8f00000)
  to   space 14336K, 0% used [0x00000000e8f00000,0x00000000e8f00000,0x00000000e9d00000)
 ParOldGen       total 39936K, used 26248K [0x00000000a0000000, 0x00000000a2700000, 0x00000000e0000000)
  object space 39936K, 65% used [0x00000000a0000000,0x00000000a19a20e8,0x00000000a2700000)
 Metaspace       used 56934K, capacity 59001K, committed 59096K, reserved 1099776K
  class space    used 7798K, capacity 8225K, committed 8320K, reserved 1048576K
}
Event: 39.750 GC heap before
{Heap before GC invocations=18 (full 3):
 PSYoungGen      total 146432K, used 13882K [0x00000000e0000000, 0x00000000ea000000, 0x0000000100000000)
  eden space 130560K, 0% used [0x00000000e0000000,0x00000000e0000000,0x00000000e7f80000)
  from space 15872K, 87% used [0x00000000e7f80000,0x00000000e8d0e990,0x00000000e8f00000)
  to   space 14336K, 0% used [0x00000000e8f00000,0x00000000e8f00000,0x00000000e9d00000)
 ParOldGen       total 39936K, used 26248K [0x00000000a0000000, 0x00000000a2700000, 0x00000000e0000000)
  object space 39936K, 65% used [0x00000000a0000000,0x00000000a19a20e8,0x00000000a2700000)
 Metaspace       used 56934K, capacity 59001K, committed 59096K, reserved 1099776K
  class space    used 7798K, capacity 8225K, committed 8320K, reserved 1048576K
Event: 40.369 GC heap after
Heap after GC invocations=18 (full 3):
 PSYoungGen      total 146432K, used 0K [0x00000000e0000000, 0x00000000ea000000, 0x0000000100000000)
  eden space 130560K, 0% used [0x00000000e0000000,0x00000000e0000000,0x00000000e7f80000)
  from space 15872K, 0% used [0x00000000e7f80000,0x00000000e7f80000,0x00000000e8f00000)
  to   space 14336K, 0% used [0x00000000e8f00000,0x00000000e8f00000,0x00000000e9d00000)
 ParOldGen       total 39936K, used 35320K [0x00000000a0000000, 0x00000000a2700000, 0x00000000e0000000)
  object space 39936K, 88% used [0x00000000a0000000,0x00000000a227e358,0x00000000a2700000)
 Metaspace       used 56934K, capacity 59001K, committed 59096K, reserved 1099776K
  class space    used 7798K, capacity 8225K, committed 8320K, reserved 1048576K
}

