# JRE version: OpenJDK Runtime Environment (8.0_202-b03) (build 1.8.0_202-release-1483-b03)
# Java VM: OpenJDK 64-Bit Server VM (25.202-b03 mixed mode windows-amd64 compressed oops)
Heap:
 PSYoungGen      total 185856K, used 55579K [0x00000000e0000000, 0x00000000f1400000, 0x0000000100000000)
  eden space 169472K, 32% used [0x00000000e0000000,0x00000000e355ed10,0x00000000ea580000)
  from space 16384K, 5% used [0x00000000ea580000,0x00000000ea667f20,0x00000000eb580000)
  to   space 22528K, 0% used [0x00000000efe00000,0x00000000efe00000,0x00000000f1400000)
 ParOldGen       total 63488K, used 39166K [0x00000000a0000000, 0x00000000a3e00000, 0x00000000e0000000)
  object space 63488K, 61% used [0x00000000a0000000,0x00000000a263f880,0x00000000a3e00000)
 Metaspace       used 59614K, capacity 61724K, committed 62080K, reserved 1101824K
  class space    used 8215K, capacity 8707K, committed 8832K, reserved 1048576K
GC Heap History (10 events):
Event: 31.279 GC heap before
{Heap before GC invocations=10 (full 1):
 PSYoungGen      total 125952K, used 117437K [0x00000000e0000000, 0x00000000e8f00000, 0x0000000100000000)
  eden space 118272K, 92% used [0x00000000e0000000,0x00000000e6b4f278,0x00000000e7380000)
  from space 7680K, 98% used [0x00000000e8780000,0x00000000e8ee02b0,0x00000000e8f00000)
  to   space 9728K, 0% used [0x00000000e7c00000,0x00000000e7c00000,0x00000000e8580000)
 ParOldGen       total 30720K, used 16134K [0x00000000a0000000, 0x00000000a1e00000, 0x00000000e0000000)
  object space 30720K, 52% used [0x00000000a0000000,0x00000000a0fc1a38,0x00000000a1e00000)
 Metaspace       used 34598K, capacity 35456K, committed 35456K, reserved 1079296K
  class space    used 4781K, capacity 4992K, committed 4992K, reserved 1048576K
Event: 31.329 GC heap after
Heap after GC invocations=10 (full 1):
 PSYoungGen      total 136704K, used 9722K [0x00000000e0000000, 0x00000000ec200000, 0x0000000100000000)
  eden space 126976K, 0% used [0x00000000e0000000,0x00000000e0000000,0x00000000e7c00000)
  from space 9728K, 99% used [0x00000000e7c00000,0x00000000e857eb60,0x00000000e8580000)
  to   space 12800K, 0% used [0x00000000eb580000,0x00000000eb580000,0x00000000ec200000)
 ParOldGen       total 30720K, used 20070K [0x00000000a0000000, 0x00000000a1e00000, 0x00000000e0000000)
  object space 30720K, 65% used [0x00000000a0000000,0x00000000a1399bb0,0x00000000a1e00000)
 Metaspace       used 34598K, capacity 35456K, committed 35456K, reserved 1079296K
  class space    used 4781K, capacity 4992K, committed 4992K, reserved 1048576K
}
Event: 31.329 GC heap before
{Heap before GC invocations=11 (full 2):
 PSYoungGen      total 136704K, used 9722K [0x00000000e0000000, 0x00000000ec200000, 0x0000000100000000)
  eden space 126976K, 0% used [0x00000000e0000000,0x00000000e0000000,0x00000000e7c00000)
  from space 9728K, 99% used [0x00000000e7c00000,0x00000000e857eb60,0x00000000e8580000)
  to   space 12800K, 0% used [0x00000000eb580000,0x00000000eb580000,0x00000000ec200000)
 ParOldGen       total 30720K, used 20070K [0x00000000a0000000, 0x00000000a1e00000, 0x00000000e0000000)
  object space 30720K, 65% used [0x00000000a0000000,0x00000000a1399bb0,0x00000000a1e00000)
 Metaspace       used 34598K, capacity 35456K, committed 35456K, reserved 1079296K
  class space    used 4781K, capacity 4992K, committed 4992K, reserved 1048576K
Event: 31.761 GC heap after
Heap after GC invocations=11 (full 2):
 PSYoungGen      total 136704K, used 0K [0x00000000e0000000, 0x00000000ec200000, 0x0000000100000000)
  eden space 126976K, 0% used [0x00000000e0000000,0x00000000e0000000,0x00000000e7c00000)
  from space 9728K, 0% used [0x00000000e7c00000,0x00000000e7c00000,0x00000000e8580000)
  to   space 12800K, 0% used [0x00000000eb580000,0x00000000eb580000,0x00000000ec200000)
 ParOldGen       total 39424K, used 20579K [0x00000000a0000000, 0x00000000a2680000, 0x00000000e0000000)
  object space 39424K, 52% used [0x00000000a0000000,0x00000000a1418d28,0x00000000a2680000)
 Metaspace       used 34598K, capacity 35456K, committed 35456K, reserved 1079296K
  class space    used 4781K, capacity 4992K, committed 4992K, reserved 1048576K
}
Event: 41.981 GC heap before
{Heap before GC invocations=12 (full 2):
 PSYoungGen      total 136704K, used 126976K [0x00000000e0000000, 0x00000000ec200000, 0x0000000100000000)
  eden space 126976K, 100% used [0x00000000e0000000,0x00000000e7c00000,0x00000000e7c00000)
  from space 9728K, 0% used [0x00000000e7c00000,0x00000000e7c00000,0x00000000e8580000)
  to   space 12800K, 0% used [0x00000000eb580000,0x00000000eb580000,0x00000000ec200000)
 ParOldGen       total 39424K, used 20579K [0x00000000a0000000, 0x00000000a2680000, 0x00000000e0000000)
  object space 39424K, 52% used [0x00000000a0000000,0x00000000a1418d28,0x00000000a2680000)
 Metaspace       used 46092K, capacity 47396K, committed 47488K, reserved 1089536K
  class space    used 6214K, capacity 6512K, committed 6528K, reserved 1048576K
Event: 42.040 GC heap after
Heap after GC invocations=12 (full 2):
 PSYoungGen      total 182272K, used 12799K [0x00000000e0000000, 0x00000000ec900000, 0x0000000100000000)
  eden space 169472K, 0% used [0x00000000e0000000,0x00000000e0000000,0x00000000ea580000)
  from space 12800K, 99% used [0x00000000eb580000,0x00000000ec1ffc18,0x00000000ec200000)
  to   space 16384K, 0% used [0x00000000ea580000,0x00000000ea580000,0x00000000eb580000)
 ParOldGen       total 39424K, used 24186K [0x00000000a0000000, 0x00000000a2680000, 0x00000000e0000000)
  object space 39424K, 61% used [0x00000000a0000000,0x00000000a179eb08,0x00000000a2680000)
 Metaspace       used 46092K, capacity 47396K, committed 47488K, reserved 1089536K
  class space    used 6214K, capacity 6512K, committed 6528K, reserved 1048576K
}
Event: 60.757 GC heap before
{Heap before GC invocations=13 (full 2):
 PSYoungGen      total 182272K, used 182271K [0x00000000e0000000, 0x00000000ec900000, 0x0000000100000000)
  eden space 169472K, 100% used [0x00000000e0000000,0x00000000ea580000,0x00000000ea580000)
  from space 12800K, 99% used [0x00000000eb580000,0x00000000ec1ffc18,0x00000000ec200000)
  to   space 16384K, 0% used [0x00000000ea580000,0x00000000ea580000,0x00000000eb580000)
 ParOldGen       total 39424K, used 24186K [0x00000000a0000000, 0x00000000a2680000, 0x00000000e0000000)
  object space 39424K, 61% used [0x00000000a0000000,0x00000000a179eb08,0x00000000a2680000)
 Metaspace       used 56814K, capacity 58866K, committed 59008K, reserved 1099776K
  class space    used 7777K, capacity 8203K, committed 8320K, reserved 1048576K
Event: 62.268 GC heap after
Heap after GC invocations=13 (full 2):
 PSYoungGen      total 185856K, used 16379K [0x00000000e0000000, 0x00000000f1400000, 0x0000000100000000)
  eden space 169472K, 0% used [0x00000000e0000000,0x00000000e0000000,0x00000000ea580000)
  from space 16384K, 99% used [0x00000000ea580000,0x00000000eb57ecb8,0x00000000eb580000)
  to   space 22528K, 0% used [0x00000000efe00000,0x00000000efe00000,0x00000000f1400000)
 ParOldGen       total 39424K, used 33648K [0x00000000a0000000, 0x00000000a2680000, 0x00000000e0000000)
  object space 39424K, 85% used [0x00000000a0000000,0x00000000a20dc368,0x00000000a2680000)
 Metaspace       used 56814K, capacity 58866K, committed 59008K, reserved 1099776K
  class space    used 7777K, capacity 8203K, committed 8320K, reserved 1048576K
}
Event: 62.268 GC heap before
{Heap before GC invocations=14 (full 3):
 PSYoungGen      total 185856K, used 16379K [0x00000000e0000000, 0x00000000f1400000, 0x0000000100000000)
  eden space 169472K, 0% used [0x00000000e0000000,0x00000000e0000000,0x00000000ea580000)
  from space 16384K, 99% used [0x00000000ea580000,0x00000000eb57ecb8,0x00000000eb580000)
  to   space 22528K, 0% used [0x00000000efe00000,0x00000000efe00000,0x00000000f1400000)
 ParOldGen       total 39424K, used 33648K [0x00000000a0000000, 0x00000000a2680000, 0x00000000e0000000)
  object space 39424K, 85% used [0x00000000a0000000,0x00000000a20dc368,0x00000000a2680000)
 Metaspace       used 56814K, capacity 58866K, committed 59008K, reserved 1099776K
  class space    used 7777K, capacity 8203K, committed 8320K, reserved 1048576K
Event: 63.011 GC heap after
Heap after GC invocations=14 (full 3):
 PSYoungGen      total 185856K, used 927K [0x00000000e0000000, 0x00000000f1400000, 0x0000000100000000)
  eden space 169472K, 0% used [0x00000000e0000000,0x00000000e0000000,0x00000000ea580000)
  from space 16384K, 5% used [0x00000000ea580000,0x00000000ea667f20,0x00000000eb580000)
  to   space 22528K, 0% used [0x00000000efe00000,0x00000000efe00000,0x00000000f1400000)
 ParOldGen       total 63488K, used 39166K [0x00000000a0000000, 0x00000000a3e00000, 0x00000000e0000000)
  object space 63488K, 61% used [0x00000000a0000000,0x00000000a263f880,0x00000000a3e00000)
 Metaspace       used 56812K, capacity 58860K, committed 59008K, reserved 1099776K
  class space    used 7776K, capacity 8202K, committed 8320K, reserved 1048576K
}

