# JRE version: OpenJDK Runtime Environment (8.0_202-b03) (build 1.8.0_202-release-1483-b03)
# Java VM: OpenJDK 64-Bit Server VM (25.202-b03 mixed mode windows-amd64 compressed oops)
Heap:
 PSYoungGen      total 96256K, used 33871K [0x00000000e0000000, 0x00000000e8880000, 0x0000000100000000)
  eden space 88064K, 29% used [0x00000000e0000000,0x00000000e1918728,0x00000000e5600000)
  from space 8192K, 99% used [0x00000000e5600000,0x00000000e5dfb858,0x00000000e5e00000)
  to   space 11264K, 0% used [0x00000000e7d80000,0x00000000e7d80000,0x00000000e8880000)
 ParOldGen       total 39936K, used 22785K [0x00000000a0000000, 0x00000000a2700000, 0x00000000e0000000)
  object space 39936K, 57% used [0x00000000a0000000,0x00000000a1640528,0x00000000a2700000)
 Metaspace       used 45443K, capacity 46316K, committed 46552K, reserved 1089536K
  class space    used 6100K, capacity 6336K, committed 6400K, reserved 1048576K
GC Heap History (10 events):
Event: 36.020 GC heap before
{Heap before GC invocations=13 (full 1):
 PSYoungGen      total 56320K, used 50688K [0x00000000e0000000, 0x00000000e5b80000, 0x0000000100000000)
  eden space 50688K, 100% used [0x00000000e0000000,0x00000000e3180000,0x00000000e3180000)
  from space 5632K, 0% used [0x00000000e3180000,0x00000000e3180000,0x00000000e3700000)
  to   space 6144K, 0% used [0x00000000e5580000,0x00000000e5580000,0x00000000e5b80000)
 ParOldGen       total 25088K, used 10097K [0x00000000a0000000, 0x00000000a1880000, 0x00000000e0000000)
  object space 25088K, 40% used [0x00000000a0000000,0x00000000a09dc690,0x00000000a1880000)
 Metaspace       used 27286K, capacity 27738K, committed 28032K, reserved 1073152K
  class space    used 3723K, capacity 3874K, committed 3968K, reserved 1048576K
Event: 36.060 GC heap after
Heap after GC invocations=13 (full 1):
 PSYoungGen      total 71680K, used 6138K [0x00000000e0000000, 0x00000000e5b80000, 0x0000000100000000)
  eden space 65536K, 0% used [0x00000000e0000000,0x00000000e0000000,0x00000000e4000000)
  from space 6144K, 99% used [0x00000000e5580000,0x00000000e5b7ea90,0x00000000e5b80000)
  to   space 7168K, 0% used [0x00000000e4d80000,0x00000000e4d80000,0x00000000e5480000)
 ParOldGen       total 25088K, used 10490K [0x00000000a0000000, 0x00000000a1880000, 0x00000000e0000000)
  object space 25088K, 41% used [0x00000000a0000000,0x00000000a0a3eb90,0x00000000a1880000)
 Metaspace       used 27286K, capacity 27738K, committed 28032K, reserved 1073152K
  class space    used 3723K, capacity 3874K, committed 3968K, reserved 1048576K
}
Event: 41.092 GC heap before
{Heap before GC invocations=14 (full 1):
 PSYoungGen      total 71680K, used 71674K [0x00000000e0000000, 0x00000000e5b80000, 0x0000000100000000)
  eden space 65536K, 100% used [0x00000000e0000000,0x00000000e4000000,0x00000000e4000000)
  from space 6144K, 99% used [0x00000000e5580000,0x00000000e5b7ea90,0x00000000e5b80000)
  to   space 7168K, 0% used [0x00000000e4d80000,0x00000000e4d80000,0x00000000e5480000)
 ParOldGen       total 25088K, used 10490K [0x00000000a0000000, 0x00000000a1880000, 0x00000000e0000000)
  object space 25088K, 41% used [0x00000000a0000000,0x00000000a0a3eb90,0x00000000a1880000)
 Metaspace       used 31155K, capacity 31604K, committed 31872K, reserved 1077248K
  class space    used 4280K, capacity 4435K, committed 4480K, reserved 1048576K
Event: 41.259 GC heap after
Heap after GC invocations=14 (full 1):
 PSYoungGen      total 86528K, used 5221K [0x00000000e0000000, 0x00000000e6580000, 0x0000000100000000)
  eden space 79360K, 0% used [0x00000000e0000000,0x00000000e0000000,0x00000000e4d80000)
  from space 7168K, 72% used [0x00000000e4d80000,0x00000000e5299728,0x00000000e5480000)
  to   space 7680K, 0% used [0x00000000e5e00000,0x00000000e5e00000,0x00000000e6580000)
 ParOldGen       total 25088K, used 13382K [0x00000000a0000000, 0x00000000a1880000, 0x00000000e0000000)
  object space 25088K, 53% used [0x00000000a0000000,0x00000000a0d11bb0,0x00000000a1880000)
 Metaspace       used 31155K, capacity 31604K, committed 31872K, reserved 1077248K
  class space    used 4280K, capacity 4435K, committed 4480K, reserved 1048576K
}
Event: 62.348 GC heap before
{Heap before GC invocations=15 (full 1):
 PSYoungGen      total 86528K, used 70363K [0x00000000e0000000, 0x00000000e6580000, 0x0000000100000000)
  eden space 79360K, 82% used [0x00000000e0000000,0x00000000e3f9d788,0x00000000e4d80000)
  from space 7168K, 72% used [0x00000000e4d80000,0x00000000e5299728,0x00000000e5480000)
  to   space 7680K, 0% used [0x00000000e5e00000,0x00000000e5e00000,0x00000000e6580000)
 ParOldGen       total 25088K, used 13382K [0x00000000a0000000, 0x00000000a1880000, 0x00000000e0000000)
  object space 25088K, 53% used [0x00000000a0000000,0x00000000a0d11bb0,0x00000000a1880000)
 Metaspace       used 34513K, capacity 35180K, committed 35416K, reserved 1079296K
  class space    used 4747K, capacity 4933K, committed 4992K, reserved 1048576K
Event: 62.497 GC heap after
Heap after GC invocations=15 (full 1):
 PSYoungGen      total 95744K, used 7021K [0x00000000e0000000, 0x00000000e7680000, 0x0000000100000000)
  eden space 88064K, 0% used [0x00000000e0000000,0x00000000e0000000,0x00000000e5600000)
  from space 7680K, 91% used [0x00000000e5e00000,0x00000000e64db620,0x00000000e6580000)
  to   space 8192K, 0% used [0x00000000e5600000,0x00000000e5600000,0x00000000e5e00000)
 ParOldGen       total 25088K, used 15327K [0x00000000a0000000, 0x00000000a1880000, 0x00000000e0000000)
  object space 25088K, 61% used [0x00000000a0000000,0x00000000a0ef7eb8,0x00000000a1880000)
 Metaspace       used 34513K, capacity 35180K, committed 35416K, reserved 1079296K
  class space    used 4747K, capacity 4933K, committed 4992K, reserved 1048576K
}
Event: 62.497 GC heap before
{Heap before GC invocations=16 (full 2):
 PSYoungGen      total 95744K, used 7021K [0x00000000e0000000, 0x00000000e7680000, 0x0000000100000000)
  eden space 88064K, 0% used [0x00000000e0000000,0x00000000e0000000,0x00000000e5600000)
  from space 7680K, 91% used [0x00000000e5e00000,0x00000000e64db620,0x00000000e6580000)
  to   space 8192K, 0% used [0x00000000e5600000,0x00000000e5600000,0x00000000e5e00000)
 ParOldGen       total 25088K, used 15327K [0x00000000a0000000, 0x00000000a1880000, 0x00000000e0000000)
  object space 25088K, 61% used [0x00000000a0000000,0x00000000a0ef7eb8,0x00000000a1880000)
 Metaspace       used 34513K, capacity 35180K, committed 35416K, reserved 1079296K
  class space    used 4747K, capacity 4933K, committed 4992K, reserved 1048576K
Event: 62.941 GC heap after
Heap after GC invocations=16 (full 2):
 PSYoungGen      total 95744K, used 0K [0x00000000e0000000, 0x00000000e7680000, 0x0000000100000000)
  eden space 88064K, 0% used [0x00000000e0000000,0x00000000e0000000,0x00000000e5600000)
  from space 7680K, 0% used [0x00000000e5e00000,0x00000000e5e00000,0x00000000e6580000)
  to   space 8192K, 0% used [0x00000000e5600000,0x00000000e5600000,0x00000000e5e00000)
 ParOldGen       total 39936K, used 18310K [0x00000000a0000000, 0x00000000a2700000, 0x00000000e0000000)
  object space 39936K, 45% used [0x00000000a0000000,0x00000000a11e1bf8,0x00000000a2700000)
 Metaspace       used 34513K, capacity 35180K, committed 35416K, reserved 1079296K
  class space    used 4747K, capacity 4933K, committed 4992K, reserved 1048576K
}
Event: 109.360 GC heap before
{Heap before GC invocations=17 (full 2):
 PSYoungGen      total 95744K, used 88064K [0x00000000e0000000, 0x00000000e7680000, 0x0000000100000000)
  eden space 88064K, 100% used [0x00000000e0000000,0x00000000e5600000,0x00000000e5600000)
  from space 7680K, 0% used [0x00000000e5e00000,0x00000000e5e00000,0x00000000e6580000)
  to   space 8192K, 0% used [0x00000000e5600000,0x00000000e5600000,0x00000000e5e00000)
 ParOldGen       total 39936K, used 18310K [0x00000000a0000000, 0x00000000a2700000, 0x00000000e0000000)
  object space 39936K, 45% used [0x00000000a0000000,0x00000000a11e1bf8,0x00000000a2700000)
 Metaspace       used 44269K, capacity 45122K, committed 45400K, reserved 1089536K
  class space    used 5965K, capacity 6179K, committed 6272K, reserved 1048576K
Event: 110.195 GC heap after
Heap after GC invocations=17 (full 2):
 PSYoungGen      total 96256K, used 8174K [0x00000000e0000000, 0x00000000e8880000, 0x0000000100000000)
  eden space 88064K, 0% used [0x00000000e0000000,0x00000000e0000000,0x00000000e5600000)
  from space 8192K, 99% used [0x00000000e5600000,0x00000000e5dfb858,0x00000000e5e00000)
  to   space 11264K, 0% used [0x00000000e7d80000,0x00000000e7d80000,0x00000000e8880000)
 ParOldGen       total 39936K, used 22785K [0x00000000a0000000, 0x00000000a2700000, 0x00000000e0000000)
  object space 39936K, 57% used [0x00000000a0000000,0x00000000a1640528,0x00000000a2700000)
 Metaspace       used 44269K, capacity 45122K, committed 45400K, reserved 1089536K
  class space    used 5965K, capacity 6179K, committed 6272K, reserved 1048576K
}

