# JRE version: OpenJDK Runtime Environment (8.0_202-b03) (build 1.8.0_202-release-1483-b03)
# Java VM: OpenJDK 64-Bit Server VM (25.202-b03 mixed mode windows-amd64 compressed oops)
Heap:
 PSYoungGen      total 313856K, used 260071K [0x00000000e0000000, 0x00000000f6880000, 0x0000000100000000)
  eden space 291840K, 84% used [0x00000000e0000000,0x00000000ef1838b0,0x00000000f1d00000)
  from space 22016K, 57% used [0x00000000f1d00000,0x00000000f2976468,0x00000000f3280000)
  to   space 22016K, 0% used [0x00000000f5300000,0x00000000f5300000,0x00000000f6880000)
 ParOldGen       total 98304K, used 84043K [0x00000000a0000000, 0x00000000a6000000, 0x00000000e0000000)
  object space 98304K, 85% used [0x00000000a0000000,0x00000000a5212c00,0x00000000a6000000)
 Metaspace       used 91662K, capacity 96360K, committed 96512K, reserved 1132544K
  class space    used 11847K, capacity 12752K, committed 12800K, reserved 1048576K
GC Heap History (10 events):
Event: 308.887 GC heap before
{Heap before GC invocations=27 (full 4):
 PSYoungGen      total 229376K, used 219538K [0x00000000e0000000, 0x00000000efe80000, 0x0000000100000000)
  eden space 208384K, 99% used [0x00000000e0000000,0x00000000ecb71308,0x00000000ecb80000)
  from space 20992K, 53% used [0x00000000eea00000,0x00000000ef4f38d8,0x00000000efe80000)
  to   space 26112K, 0% used [0x00000000ecb80000,0x00000000ecb80000,0x00000000ee500000)
 ParOldGen       total 98304K, used 74139K [0x00000000a0000000, 0x00000000a6000000, 0x00000000e0000000)
  object space 98304K, 75% used [0x00000000a0000000,0x00000000a4866cc8,0x00000000a6000000)
 Metaspace       used 83532K, capacity 86700K, committed 86912K, reserved 1124352K
  class space    used 11001K, capacity 11630K, committed 11648K, reserved 1048576K
Event: 309.628 GC heap after
Heap after GC invocations=27 (full 4):
 PSYoungGen      total 234496K, used 11287K [0x00000000e0000000, 0x00000000f3180000, 0x0000000100000000)
  eden space 208384K, 0% used [0x00000000e0000000,0x00000000e0000000,0x00000000ecb80000)
  from space 26112K, 43% used [0x00000000ecb80000,0x00000000ed685c10,0x00000000ee500000)
  to   space 25088K, 0% used [0x00000000f1900000,0x00000000f1900000,0x00000000f3180000)
 ParOldGen       total 98304K, used 79891K [0x00000000a0000000, 0x00000000a6000000, 0x00000000e0000000)
  object space 98304K, 81% used [0x00000000a0000000,0x00000000a4e04d90,0x00000000a6000000)
 Metaspace       used 83532K, capacity 86700K, committed 86912K, reserved 1124352K
  class space    used 11001K, capacity 11630K, committed 11648K, reserved 1048576K
}
Event: 1879.812 GC heap before
{Heap before GC invocations=28 (full 4):
 PSYoungGen      total 234496K, used 219671K [0x00000000e0000000, 0x00000000f3180000, 0x0000000100000000)
  eden space 208384K, 100% used [0x00000000e0000000,0x00000000ecb80000,0x00000000ecb80000)
  from space 26112K, 43% used [0x00000000ecb80000,0x00000000ed685c10,0x00000000ee500000)
  to   space 25088K, 0% used [0x00000000f1900000,0x00000000f1900000,0x00000000f3180000)
 ParOldGen       total 98304K, used 79891K [0x00000000a0000000, 0x00000000a6000000, 0x00000000e0000000)
  object space 98304K, 81% used [0x00000000a0000000,0x00000000a4e04d90,0x00000000a6000000)
 Metaspace       used 84545K, capacity 87948K, committed 88064K, reserved 1126400K
  class space    used 11061K, capacity 11736K, committed 11776K, reserved 1048576K
Event: 1882.225 GC heap after
Heap after GC invocations=28 (full 4):
 PSYoungGen      total 273408K, used 10001K [0x00000000e0000000, 0x00000000f2900000, 0x0000000100000000)
  eden space 257024K, 0% used [0x00000000e0000000,0x00000000e0000000,0x00000000efb00000)
  from space 16384K, 61% used [0x00000000f1900000,0x00000000f22c44a8,0x00000000f2900000)
  to   space 23552K, 0% used [0x00000000efb00000,0x00000000efb00000,0x00000000f1200000)
 ParOldGen       total 98304K, used 82902K [0x00000000a0000000, 0x00000000a6000000, 0x00000000e0000000)
  object space 98304K, 84% used [0x00000000a0000000,0x00000000a50f5bb0,0x00000000a6000000)
 Metaspace       used 84545K, capacity 87948K, committed 88064K, reserved 1126400K
  class space    used 11061K, capacity 11736K, committed 11776K, reserved 1048576K
}
Event: 2037.203 GC heap before
{Heap before GC invocations=29 (full 4):
 PSYoungGen      total 273408K, used 267025K [0x00000000e0000000, 0x00000000f2900000, 0x0000000100000000)
  eden space 257024K, 100% used [0x00000000e0000000,0x00000000efb00000,0x00000000efb00000)
  from space 16384K, 61% used [0x00000000f1900000,0x00000000f22c44a8,0x00000000f2900000)
  to   space 23552K, 0% used [0x00000000efb00000,0x00000000efb00000,0x00000000f1200000)
 ParOldGen       total 98304K, used 82902K [0x00000000a0000000, 0x00000000a6000000, 0x00000000e0000000)
  object space 98304K, 84% used [0x00000000a0000000,0x00000000a50f5bb0,0x00000000a6000000)
 Metaspace       used 85257K, capacity 88658K, committed 88832K, reserved 1126400K
  class space    used 11073K, capacity 11755K, committed 11776K, reserved 1048576K
Event: 2037.414 GC heap after
Heap after GC invocations=29 (full 4):
 PSYoungGen      total 280576K, used 6489K [0x00000000e0000000, 0x00000000f4f00000, 0x0000000100000000)
  eden space 257024K, 0% used [0x00000000e0000000,0x00000000e0000000,0x00000000efb00000)
  from space 23552K, 27% used [0x00000000efb00000,0x00000000f01565b0,0x00000000f1200000)
  to   space 23040K, 0% used [0x00000000f3880000,0x00000000f3880000,0x00000000f4f00000)
 ParOldGen       total 98304K, used 83838K [0x00000000a0000000, 0x00000000a6000000, 0x00000000e0000000)
  object space 98304K, 85% used [0x00000000a0000000,0x00000000a51dfbf0,0x00000000a6000000)
 Metaspace       used 85257K, capacity 88658K, committed 88832K, reserved 1126400K
  class space    used 11073K, capacity 11755K, committed 11776K, reserved 1048576K
}
Event: 2262.906 GC heap before
{Heap before GC invocations=30 (full 4):
 PSYoungGen      total 280576K, used 263513K [0x00000000e0000000, 0x00000000f4f00000, 0x0000000100000000)
  eden space 257024K, 100% used [0x00000000e0000000,0x00000000efb00000,0x00000000efb00000)
  from space 23552K, 27% used [0x00000000efb00000,0x00000000f01565b0,0x00000000f1200000)
  to   space 23040K, 0% used [0x00000000f3880000,0x00000000f3880000,0x00000000f4f00000)
 ParOldGen       total 98304K, used 83838K [0x00000000a0000000, 0x00000000a6000000, 0x00000000e0000000)
  object space 98304K, 85% used [0x00000000a0000000,0x00000000a51dfbf0,0x00000000a6000000)
 Metaspace       used 85605K, capacity 89182K, committed 89472K, reserved 1126400K
  class space    used 11096K, capacity 11797K, committed 11904K, reserved 1048576K
Event: 2263.138 GC heap after
Heap after GC invocations=30 (full 4):
 PSYoungGen      total 307712K, used 10993K [0x00000000e0000000, 0x00000000f4800000, 0x0000000100000000)
  eden space 291840K, 0% used [0x00000000e0000000,0x00000000e0000000,0x00000000f1d00000)
  from space 15872K, 69% used [0x00000000f3880000,0x00000000f433c4c8,0x00000000f4800000)
  to   space 22016K, 0% used [0x00000000f1d00000,0x00000000f1d00000,0x00000000f3280000)
 ParOldGen       total 98304K, used 84035K [0x00000000a0000000, 0x00000000a6000000, 0x00000000e0000000)
  object space 98304K, 85% used [0x00000000a0000000,0x00000000a5210c00,0x00000000a6000000)
 Metaspace       used 85605K, capacity 89182K, committed 89472K, reserved 1126400K
  class space    used 11096K, capacity 11797K, committed 11904K, reserved 1048576K
}
Event: 3595.768 GC heap before
{Heap before GC invocations=31 (full 4):
 PSYoungGen      total 307712K, used 302833K [0x00000000e0000000, 0x00000000f4800000, 0x0000000100000000)
  eden space 291840K, 100% used [0x00000000e0000000,0x00000000f1d00000,0x00000000f1d00000)
  from space 15872K, 69% used [0x00000000f3880000,0x00000000f433c4c8,0x00000000f4800000)
  to   space 22016K, 0% used [0x00000000f1d00000,0x00000000f1d00000,0x00000000f3280000)
 ParOldGen       total 98304K, used 84035K [0x00000000a0000000, 0x00000000a6000000, 0x00000000e0000000)
  object space 98304K, 85% used [0x00000000a0000000,0x00000000a5210c00,0x00000000a6000000)
 Metaspace       used 89945K, capacity 94334K, committed 94464K, reserved 1130496K
  class space    used 11670K, capacity 12527K, committed 12544K, reserved 1048576K
Event: 3596.568 GC heap after
Heap after GC invocations=31 (full 4):
 PSYoungGen      total 313856K, used 12761K [0x00000000e0000000, 0x00000000f6880000, 0x0000000100000000)
  eden space 291840K, 0% used [0x00000000e0000000,0x00000000e0000000,0x00000000f1d00000)
  from space 22016K, 57% used [0x00000000f1d00000,0x00000000f2976468,0x00000000f3280000)
  to   space 22016K, 0% used [0x00000000f5300000,0x00000000f5300000,0x00000000f6880000)
 ParOldGen       total 98304K, used 84043K [0x00000000a0000000, 0x00000000a6000000, 0x00000000e0000000)
  object space 98304K, 85% used [0x00000000a0000000,0x00000000a5212c00,0x00000000a6000000)
 Metaspace       used 89945K, capacity 94334K, committed 94464K, reserved 1130496K
  class space    used 11670K, capacity 12527K, committed 12544K, reserved 1048576K
}

