# JRE version: OpenJDK Runtime Environment (8.0_202-b03) (build 1.8.0_202-release-1483-b03)
# Java VM: OpenJDK 64-Bit Server VM (25.202-b03 mixed mode windows-amd64 compressed oops)
Heap:
 PSYoungGen      total 139776K, used 57763K [0x00000000e0000000, 0x00000000e9a80000, 0x0000000100000000)
  eden space 127488K, 35% used [0x00000000e0000000,0x00000000e2c6ef28,0x00000000e7c80000)
  from space 12288K, 99% used [0x00000000e8e80000,0x00000000e9a79d80,0x00000000e9a80000)
  to   space 15360K, 0% used [0x00000000e7c80000,0x00000000e7c80000,0x00000000e8b80000)
 ParOldGen       total 76800K, used 47115K [0x00000000a0000000, 0x00000000a4b00000, 0x00000000e0000000)
  object space 76800K, 61% used [0x00000000a0000000,0x00000000a2e02d18,0x00000000a4b00000)
 Metaspace       used 75920K, capacity 78533K, committed 78808K, reserved 1118208K
  class space    used 9855K, capacity 10435K, committed 10496K, reserved 1048576K
GC Heap History (10 events):
Event: 49.445 GC heap before
{Heap before GC invocations=24 (full 3):
 PSYoungGen      total 125952K, used 7189K [0x00000000e0000000, 0x00000000e9d00000, 0x0000000100000000)
  eden space 110592K, 0% used [0x00000000e0000000,0x00000000e0000000,0x00000000e6c00000)
  from space 15360K, 46% used [0x00000000e6c00000,0x00000000e7305678,0x00000000e7b00000)
  to   space 14848K, 0% used [0x00000000e8e80000,0x00000000e8e80000,0x00000000e9d00000)
 ParOldGen       total 37376K, used 29783K [0x00000000a0000000, 0x00000000a2480000, 0x00000000e0000000)
  object space 37376K, 79% used [0x00000000a0000000,0x00000000a1d15f78,0x00000000a2480000)
 Metaspace       used 57500K, capacity 58953K, committed 59028K, reserved 1099776K
  class space    used 7821K, capacity 8192K, committed 8192K, reserved 1048576K
Event: 50.114 GC heap after
Heap after GC invocations=24 (full 3):
 PSYoungGen      total 125952K, used 0K [0x00000000e0000000, 0x00000000e9d00000, 0x0000000100000000)
  eden space 110592K, 0% used [0x00000000e0000000,0x00000000e0000000,0x00000000e6c00000)
  from space 15360K, 0% used [0x00000000e6c00000,0x00000000e6c00000,0x00000000e7b00000)
  to   space 14848K, 0% used [0x00000000e8e80000,0x00000000e8e80000,0x00000000e9d00000)
 ParOldGen       total 37376K, used 32102K [0x00000000a0000000, 0x00000000a2480000, 0x00000000e0000000)
  object space 37376K, 85% used [0x00000000a0000000,0x00000000a1f59bb0,0x00000000a2480000)
 Metaspace       used 57500K, capacity 58953K, committed 59028K, reserved 1099776K
  class space    used 7821K, capacity 8192K, committed 8192K, reserved 1048576K
}
Event: 442.315 GC heap before
{Heap before GC invocations=25 (full 4):
 PSYoungGen      total 125952K, used 110592K [0x00000000e0000000, 0x00000000e9d00000, 0x0000000100000000)
  eden space 110592K, 100% used [0x00000000e0000000,0x00000000e6c00000,0x00000000e6c00000)
  from space 15360K, 0% used [0x00000000e6c00000,0x00000000e6c00000,0x00000000e7b00000)
  to   space 14848K, 0% used [0x00000000e8e80000,0x00000000e8e80000,0x00000000e9d00000)
 ParOldGen       total 37376K, used 32102K [0x00000000a0000000, 0x00000000a2480000, 0x00000000e0000000)
  object space 37376K, 85% used [0x00000000a0000000,0x00000000a1f59bb0,0x00000000a2480000)
 Metaspace       used 63003K, capacity 64859K, committed 65112K, reserved 1105920K
  class space    used 8279K, capacity 8734K, committed 8832K, reserved 1048576K
Event: 448.128 GC heap after
Heap after GC invocations=25 (full 4):
 PSYoungGen      total 125952K, used 1259K [0x00000000e0000000, 0x00000000e9d00000, 0x0000000100000000)
  eden space 110592K, 1% used [0x00000000e0000000,0x00000000e013aec0,0x00000000e6c00000)
  from space 15360K, 0% used [0x00000000e6c00000,0x00000000e6c00000,0x00000000e7b00000)
  to   space 14848K, 0% used [0x00000000e8e80000,0x00000000e8e80000,0x00000000e9d00000)
 ParOldGen       total 76800K, used 37278K [0x00000000a0000000, 0x00000000a4b00000, 0x00000000e0000000)
  object space 76800K, 48% used [0x00000000a0000000,0x00000000a2467b00,0x00000000a4b00000)
 Metaspace       used 62984K, capacity 64797K, committed 65112K, reserved 1105920K
  class space    used 8273K, capacity 8723K, committed 8832K, reserved 1048576K
}
Event: 657.774 GC heap before
{Heap before GC invocations=26 (full 4):
 PSYoungGen      total 125952K, used 110592K [0x00000000e0000000, 0x00000000e9d00000, 0x0000000100000000)
  eden space 110592K, 100% used [0x00000000e0000000,0x00000000e6c00000,0x00000000e6c00000)
  from space 15360K, 0% used [0x00000000e6c00000,0x00000000e6c00000,0x00000000e7b00000)
  to   space 14848K, 0% used [0x00000000e8e80000,0x00000000e8e80000,0x00000000e9d00000)
 ParOldGen       total 76800K, used 37278K [0x00000000a0000000, 0x00000000a4b00000, 0x00000000e0000000)
  object space 76800K, 48% used [0x00000000a0000000,0x00000000a2467b00,0x00000000a4b00000)
 Metaspace       used 67912K, capacity 70369K, committed 70616K, reserved 1110016K
  class space    used 8851K, capacity 9351K, committed 9472K, reserved 1048576K
Event: 658.174 GC heap after
Heap after GC invocations=26 (full 4):
 PSYoungGen      total 139776K, used 9858K [0x00000000e0000000, 0x00000000e9a80000, 0x0000000100000000)
  eden space 127488K, 0% used [0x00000000e0000000,0x00000000e0000000,0x00000000e7c80000)
  from space 12288K, 80% used [0x00000000e8e80000,0x00000000e9820a58,0x00000000e9a80000)
  to   space 15360K, 0% used [0x00000000e7c80000,0x00000000e7c80000,0x00000000e8b80000)
 ParOldGen       total 76800K, used 37286K [0x00000000a0000000, 0x00000000a4b00000, 0x00000000e0000000)
  object space 76800K, 48% used [0x00000000a0000000,0x00000000a2469b00,0x00000000a4b00000)
 Metaspace       used 67912K, capacity 70369K, committed 70616K, reserved 1110016K
  class space    used 8851K, capacity 9351K, committed 9472K, reserved 1048576K
}
Event: 673.569 GC heap before
{Heap before GC invocations=27 (full 4):
 PSYoungGen      total 139776K, used 137346K [0x00000000e0000000, 0x00000000e9a80000, 0x0000000100000000)
  eden space 127488K, 100% used [0x00000000e0000000,0x00000000e7c80000,0x00000000e7c80000)
  from space 12288K, 80% used [0x00000000e8e80000,0x00000000e9820a58,0x00000000e9a80000)
  to   space 15360K, 0% used [0x00000000e7c80000,0x00000000e7c80000,0x00000000e8b80000)
 ParOldGen       total 76800K, used 37286K [0x00000000a0000000, 0x00000000a4b00000, 0x00000000e0000000)
  object space 76800K, 48% used [0x00000000a0000000,0x00000000a2469b00,0x00000000a4b00000)
 Metaspace       used 74865K, capacity 77507K, committed 77656K, reserved 1116160K
  class space    used 9767K, capacity 10358K, committed 10368K, reserved 1048576K
Event: 673.732 GC heap after
Heap after GC invocations=27 (full 4):
 PSYoungGen      total 142848K, used 15347K [0x00000000e0000000, 0x00000000e9a80000, 0x0000000100000000)
  eden space 127488K, 0% used [0x00000000e0000000,0x00000000e0000000,0x00000000e7c80000)
  from space 15360K, 99% used [0x00000000e7c80000,0x00000000e8b7ce18,0x00000000e8b80000)
  to   space 12288K, 0% used [0x00000000e8e80000,0x00000000e8e80000,0x00000000e9a80000)
 ParOldGen       total 76800K, used 40221K [0x00000000a0000000, 0x00000000a4b00000, 0x00000000e0000000)
  object space 76800K, 52% used [0x00000000a0000000,0x00000000a27476a8,0x00000000a4b00000)
 Metaspace       used 74865K, capacity 77507K, committed 77656K, reserved 1116160K
  class space    used 9767K, capacity 10358K, committed 10368K, reserved 1048576K
}
Event: 676.048 GC heap before
{Heap before GC invocations=28 (full 4):
 PSYoungGen      total 142848K, used 142831K [0x00000000e0000000, 0x00000000e9a80000, 0x0000000100000000)
  eden space 127488K, 99% used [0x00000000e0000000,0x00000000e7c7edf0,0x00000000e7c80000)
  from space 15360K, 99% used [0x00000000e7c80000,0x00000000e8b7ce18,0x00000000e8b80000)
  to   space 12288K, 0% used [0x00000000e8e80000,0x00000000e8e80000,0x00000000e9a80000)
 ParOldGen       total 76800K, used 40221K [0x00000000a0000000, 0x00000000a4b00000, 0x00000000e0000000)
  object space 76800K, 52% used [0x00000000a0000000,0x00000000a27476a8,0x00000000a4b00000)
 Metaspace       used 75593K, capacity 78211K, committed 78552K, reserved 1118208K
  class space    used 9810K, capacity 10422K, committed 10496K, reserved 1048576K
Event: 676.130 GC heap after
Heap after GC invocations=28 (full 4):
 PSYoungGen      total 139776K, used 12263K [0x00000000e0000000, 0x00000000e9a80000, 0x0000000100000000)
  eden space 127488K, 0% used [0x00000000e0000000,0x00000000e0000000,0x00000000e7c80000)
  from space 12288K, 99% used [0x00000000e8e80000,0x00000000e9a79d80,0x00000000e9a80000)
  to   space 15360K, 0% used [0x00000000e7c80000,0x00000000e7c80000,0x00000000e8b80000)
 ParOldGen       total 76800K, used 47115K [0x00000000a0000000, 0x00000000a4b00000, 0x00000000e0000000)
  object space 76800K, 61% used [0x00000000a0000000,0x00000000a2e02d18,0x00000000a4b00000)
 Metaspace       used 75593K, capacity 78211K, committed 78552K, reserved 1118208K
  class space    used 9810K, capacity 10422K, committed 10496K, reserved 1048576K
}

